-------------------------------------------------------------------------------
Test set: com.rvonruden.app.AppTest
-------------------------------------------------------------------------------
Tests run: 11, Failures: 1, Errors: 0, Skipped: 0, Time elapsed: 0.051 sec <<< FAILURE!
test_AtmService_Withdraw_Not_Enough_Money(com.rvonruden.app.AppTest)  Time elapsed: 0.015 sec  <<< FAILURE!
junit.framework.AssertionFailedError
	at junit.framework.Assert.fail(Assert.java:47)
	at junit.framework.Assert.assertTrue(Assert.java:20)
	at junit.framework.Assert.assertNull(Assert.java:233)
	at junit.framework.Assert.assertNull(Assert.java:226)
	at com.rvonruden.app.AppTest.test_AtmService_Withdraw_Not_Enough_Money(AppTest.java:93)

